Start testing: Jun 25 00:49 CEST
----------------------------------------------------------
1/8 Testing: IntHeapMax
1/8 Test: IntHeapMax
Command: "/home/emartini/Documenti/Heap/build/heap_test" "[IntHeapMax]"
Directory: /home/emartini/Documenti/Heap/build
"IntHeapMax" start time: Jun 25 00:49 CEST
Output:
----------------------------------------------------------
===============================================================================
All tests passed (11 assertions in 1 test case)

<end of output>
Test time =   0.00 sec
----------------------------------------------------------
Test Passed.
"IntHeapMax" end time: Jun 25 00:49 CEST
"IntHeapMax" time elapsed: 00:00:00
----------------------------------------------------------

2/8 Testing: FloatHeapTestMax
2/8 Test: FloatHeapTestMax
Command: "/home/emartini/Documenti/Heap/build/heap_test" "[FloatHeapTestMax]"
Directory: /home/emartini/Documenti/Heap/build
"FloatHeapTestMax" start time: Jun 25 00:49 CEST
Output:
----------------------------------------------------------
===============================================================================
All tests passed (11 assertions in 1 test case)

<end of output>
Test time =   0.00 sec
----------------------------------------------------------
Test Passed.
"FloatHeapTestMax" end time: Jun 25 00:49 CEST
"FloatHeapTestMax" time elapsed: 00:00:00
----------------------------------------------------------

3/8 Testing: DoubleHeapTestMax
3/8 Test: DoubleHeapTestMax
Command: "/home/emartini/Documenti/Heap/build/heap_test" "[DoubleHeapTestMax]"
Directory: /home/emartini/Documenti/Heap/build
"DoubleHeapTestMax" start time: Jun 25 00:49 CEST
Output:
----------------------------------------------------------
===============================================================================
All tests passed (11 assertions in 1 test case)

<end of output>
Test time =   0.00 sec
----------------------------------------------------------
Test Passed.
"DoubleHeapTestMax" end time: Jun 25 00:49 CEST
"DoubleHeapTestMax" time elapsed: 00:00:00
----------------------------------------------------------

4/8 Testing: IntHeapTestMin
4/8 Test: IntHeapTestMin
Command: "/home/emartini/Documenti/Heap/build/heap_test" "[IntHeapTestMin]"
Directory: /home/emartini/Documenti/Heap/build
"IntHeapTestMin" start time: Jun 25 00:49 CEST
Output:
----------------------------------------------------------
===============================================================================
All tests passed (9 assertions in 1 test case)

<end of output>
Test time =   0.00 sec
----------------------------------------------------------
Test Passed.
"IntHeapTestMin" end time: Jun 25 00:49 CEST
"IntHeapTestMin" time elapsed: 00:00:00
----------------------------------------------------------

5/8 Testing: ValgrindTest1
5/8 Test: ValgrindTest1
Command: "/usr/bin/valgrind" "--leak-check=full" "--show-leak-kinds=all" "--track-origins=yes" "./heap_test" "[IntHeapMax]"
Directory: /home/emartini/Documenti/Heap/build
"ValgrindTest1" start time: Jun 25 00:49 CEST
Output:
----------------------------------------------------------
==16941== Memcheck, a memory error detector
==16941== Copyright (C) 2002-2017, and GNU GPL'd, by Julian Seward et al.
==16941== Using Valgrind-3.13.0 and LibVEX; rerun with -h for copyright info
==16941== Command: ./heap_test [IntHeapMax]
==16941== 
===============================================================================
All tests passed (11 assertions in 1 test case)

==16941== 
==16941== HEAP SUMMARY:
==16941==     in use at exit: 0 bytes in 0 blocks
==16941==   total heap usage: 2,012 allocs, 2,012 frees, 329,744 bytes allocated
==16941== 
==16941== All heap blocks were freed -- no leaks are possible
==16941== 
==16941== For counts of detected and suppressed errors, rerun with: -v
==16941== ERROR SUMMARY: 0 errors from 0 contexts (suppressed: 0 from 0)
<end of output>
Test time =   1.69 sec
----------------------------------------------------------
Test Passed.
"ValgrindTest1" end time: Jun 25 00:49 CEST
"ValgrindTest1" time elapsed: 00:00:01
----------------------------------------------------------

6/8 Testing: ValgrindTest2
6/8 Test: ValgrindTest2
Command: "/usr/bin/valgrind" "--leak-check=full" "--show-leak-kinds=all" "--track-origins=yes" "./heap_test" "[FloatHeapTestMax]"
Directory: /home/emartini/Documenti/Heap/build
"ValgrindTest2" start time: Jun 25 00:49 CEST
Output:
----------------------------------------------------------
==16942== Memcheck, a memory error detector
==16942== Copyright (C) 2002-2017, and GNU GPL'd, by Julian Seward et al.
==16942== Using Valgrind-3.13.0 and LibVEX; rerun with -h for copyright info
==16942== Command: ./heap_test [FloatHeapTestMax]
==16942== 
===============================================================================
All tests passed (11 assertions in 1 test case)

==16942== 
==16942== HEAP SUMMARY:
==16942==     in use at exit: 0 bytes in 0 blocks
==16942==   total heap usage: 2,160 allocs, 2,160 frees, 332,636 bytes allocated
==16942== 
==16942== All heap blocks were freed -- no leaks are possible
==16942== 
==16942== For counts of detected and suppressed errors, rerun with: -v
==16942== ERROR SUMMARY: 0 errors from 0 contexts (suppressed: 0 from 0)
<end of output>
Test time =   1.62 sec
----------------------------------------------------------
Test Passed.
"ValgrindTest2" end time: Jun 25 00:49 CEST
"ValgrindTest2" time elapsed: 00:00:01
----------------------------------------------------------

7/8 Testing: ValgrindTest3
7/8 Test: ValgrindTest3
Command: "/usr/bin/valgrind" "--leak-check=full" "--show-leak-kinds=all" "--track-origins=yes" "./heap_test" "[DoubleHeapTestMax]"
Directory: /home/emartini/Documenti/Heap/build
"ValgrindTest3" start time: Jun 25 00:49 CEST
Output:
----------------------------------------------------------
==16943== Memcheck, a memory error detector
==16943== Copyright (C) 2002-2017, and GNU GPL'd, by Julian Seward et al.
==16943== Using Valgrind-3.13.0 and LibVEX; rerun with -h for copyright info
==16943== Command: ./heap_test [DoubleHeapTestMax]
==16943== 
===============================================================================
All tests passed (11 assertions in 1 test case)

==16943== 
==16943== HEAP SUMMARY:
==16943==     in use at exit: 0 bytes in 0 blocks
==16943==   total heap usage: 2,160 allocs, 2,160 frees, 333,285 bytes allocated
==16943== 
==16943== All heap blocks were freed -- no leaks are possible
==16943== 
==16943== For counts of detected and suppressed errors, rerun with: -v
==16943== ERROR SUMMARY: 0 errors from 0 contexts (suppressed: 0 from 0)
<end of output>
Test time =   1.62 sec
----------------------------------------------------------
Test Passed.
"ValgrindTest3" end time: Jun 25 00:49 CEST
"ValgrindTest3" time elapsed: 00:00:01
----------------------------------------------------------

8/8 Testing: ValgrindTest4
8/8 Test: ValgrindTest4
Command: "/usr/bin/valgrind" "--leak-check=full" "--show-leak-kinds=all" "--track-origins=yes" "./heap_test" "[IntHeapTestMin]"
Directory: /home/emartini/Documenti/Heap/build
"ValgrindTest4" start time: Jun 25 00:49 CEST
Output:
----------------------------------------------------------
==16944== Memcheck, a memory error detector
==16944== Copyright (C) 2002-2017, and GNU GPL'd, by Julian Seward et al.
==16944== Using Valgrind-3.13.0 and LibVEX; rerun with -h for copyright info
==16944== Command: ./heap_test [IntHeapTestMin]
==16944== 
===============================================================================
All tests passed (9 assertions in 1 test case)

==16944== 
==16944== HEAP SUMMARY:
==16944==     in use at exit: 0 bytes in 0 blocks
==16944==   total heap usage: 2,148 allocs, 2,148 frees, 332,108 bytes allocated
==16944== 
==16944== All heap blocks were freed -- no leaks are possible
==16944== 
==16944== For counts of detected and suppressed errors, rerun with: -v
==16944== ERROR SUMMARY: 0 errors from 0 contexts (suppressed: 0 from 0)
<end of output>
Test time =   1.61 sec
----------------------------------------------------------
Test Passed.
"ValgrindTest4" end time: Jun 25 00:49 CEST
"ValgrindTest4" time elapsed: 00:00:01
----------------------------------------------------------

End testing: Jun 25 00:49 CEST
