Start testing: Jun 22 18:31 CEST
----------------------------------------------------------
Unable to find executable: ./heap_test
1/3 Testing: IntHeapTest
1/3 Test: IntHeapTest
Command: "" "[IntHeapTest]"
Directory: /home/emartini/Documenti/Heap/build
"IntHeapTest" start time: 
Output:
----------------------------------------------------------
<end of output>
Test time =   0.00 sec
----------------------------------------------------------
Test Passed.
"IntHeapTest" end time: Jun 22 18:31 CEST
"IntHeapTest" time elapsed: 00:00:00
----------------------------------------------------------

Unable to find executable: ./heap_test
2/3 Testing: FloatHeapTest
2/3 Test: FloatHeapTest
Command: "" "[FloatHeapTest]"
Directory: /home/emartini/Documenti/Heap/build
"FloatHeapTest" start time: 
Output:
----------------------------------------------------------
<end of output>
Test time =   0.00 sec
----------------------------------------------------------
Test Passed.
"FloatHeapTest" end time: Jun 22 18:31 CEST
"FloatHeapTest" time elapsed: 00:00:00
----------------------------------------------------------

Unable to find executable: ./heap_test
3/3 Testing: DoubleHeapTest
3/3 Test: DoubleHeapTest
Command: "" "[DoubleHeapTest]"
Directory: /home/emartini/Documenti/Heap/build
"DoubleHeapTest" start time: 
Output:
----------------------------------------------------------
<end of output>
Test time =   0.00 sec
----------------------------------------------------------
Test Passed.
"DoubleHeapTest" end time: Jun 22 18:31 CEST
"DoubleHeapTest" time elapsed: 00:00:00
----------------------------------------------------------

End testing: Jun 22 18:31 CEST
